/usr/share/radio/configure_audio.sh configuration log, Fri Jan 17 11:48:20 CET 2025 
Boot configuration in /boot/firmware/config.txt
RPi DAC Plus selected
Card 0, Device hw:0,0, Mixer software
Configuring /etc/mpd.conf for alsa support
Configuring RPi DAC Plus as output

Configuring audio_out parameter in /etc/radiod.conf with DAC+ 
audio_out="DAC+"

Configuring /etc/asound.conf with card 0 
Copying asound.conf.dist to /etc/asound.conf
Delete old audio overlays
Disable on-board audio
sudo dtoverlay rpi-dacplus
Reset /var/lib/radiod/mixer_volume_id file to zero
/boot/firmware/config.txt
----------------
dtparam=audio=off
dtoverlay=vc4-kms-v3d
dtoverlay=dwc2,dr_mode=host
dtoverlay=rpi-dacplus
dtoverlay=i2s-mmap

RPi DAC Plus configured
sudo echo 0 > /var/lib/radiod/mixer_volume_id

WARNING:
OVERLAY rpi-dacplus could not be loaded, so configuration is not complete!
It is necessary to reboot the Raspberry Pi and after reboot 
to re-boot again to complete the configuration

