/usr/share/radio/configure_radio.sh configuration log, Fri 17 Jan 11:47:39 CET 2025 
Configuring radio for bookworm OS 
Boot configuration in /boot/firmware/config.txt
Existing configuration  copied to /etc/radiod.conf.save
Current configuration /etc/radiod.conf replaced with distribution
Raspberry Pi Model 5 selected
Buttons wired to GND(0V) (GPIO high to low)
40 pin version selected
Deleting any X-Windows application start commands
GPIO conversion enabled
LCD pinouts disabled
Configuring 40 Pin wiring

Changes written to /etc/radiod.conf
-----------------------------------
user_interface=buttons
display_type=NO_DISPLAY
display_lines=0
display_width=0

lcd_select=0
lcd_enable=0
lcd_data4=0
lcd_data5=0
lcd_data6=0
lcd_data7=0

menu_switch=17
mute_switch=4
up_switch=24
down_switch=23
left_switch=14
right_switch=15

pull_up_down=up
flip_display_vertically=no
splash=bitmaps/raspberry-pi-logo.bmp
volume_range=20
-----------------------------------


Reboot Raspberry Pi to enable changes.
