[Errno 2] No such file or directory: '/var/log/radiod/radio.log'

Creating /var/lib/radiod/stationlist

cp /usr/share/radio/station.urls /var/lib/radiod/stationlist

Creating M3U files from /var/lib/radiod/stationlist 2024/12/06, 14:04:46

Creating new playlist Radio
===========================

Processing line 28: http://as-hls-ww-live.akamaized.net/pool_904/live/ww/bbc_radio_one/bbc_radio_one.isml/bbc_radio_one-audio%3d96000.norewind.m3u8
Title: BBC - Radio 1

Processing line 29: http://as-hls-ww-live.akamaized.net/pool_904/live/ww/bbc_radio_two/bbc_radio_two.isml/bbc_radio_two-audio%3d96000.norewind.m3u8
Title: BBC - Radio 2

Processing line 30: http://as-hls-ww-live.akamaized.net/pool_904/live/ww/bbc_radio_three/bbc_radio_three.isml/bbc_radio_three-audio%3d96000.norewind.m3u8
Title: BBC - Radio 3

Processing line 31: http://as-hls-ww-live.akamaized.net/pool_904/live/ww/bbc_radio_fourfm/bbc_radio_fourfm.isml/bbc_radio_fourfm-audio%3d96000.norewind.m3u8
Title: BBC - Radio 4

Processing line 32: http://as-hls-ww-live.akamaized.net/pool_904/live/ww/bbc_radio_five_live/bbc_radio_five_live.isml/bbc_radio_five_live-audio%3d96000.norewind.m3u8
Title: BBC - Radio 5 live

Processing line 33: http://as-hls-ww-live.akamaized.net/pool_904/live/ww/bbc_6music/bbc_6music.isml/bbc_6music-audio%3d96000.norewind.m3u8
Title: BBC - Radio 6 Music

Processing line 34: http://as-hls-ww-live.akamaized.net/pool_904/live/ww/bbc_1xtra/bbc_1xtra.isml/bbc_1xtra-audio%3d96000.norewind.m3u8
Title: BBC - Radio 1Xtra

Processing line 35: http://as-hls-ww-live.akamaized.net/pool_904/live/ww/bbc_radio_four_extra/bbc_radio_four_extra.isml/bbc_radio_four_extra-audio%3d96000.norewind.m3u8
Title: BBC - Radio 4 Extra

Processing line 36: http://as-hls-uk-live.akamaized.net/pool_904/live/uk/bbc_radio_five_live_sports_extra/bbc_radio_five_live_sports_extra.isml/bbc_radio_five_live_sports_extra-audio%3d96000.norewind.m3u8
ERROR: Failed to retrieve [BBC - Radio 5 Live sports extra (UK only)] http://as-hls-uk-live.akamaized.net/pool_904/live/uk/bbc_radio_five_live_sports_extra/bbc_radio_five_live_sports_extra.isml/bbc_radio_five_live_sports_extra-audio%3d96000.norewind.m3u8 on line 36

Processing line 37: http://as-hls-ww-live.akamaized.net/pool_904/live/ww/bbc_6music/bbc_6music.isml/bbc_6music-audio%3d96000.norewind.m3u8
Title: BBC - Radio 6 music

Processing line 38: http://as-hls-ww-live.akamaized.net/pool_904/live/ww/bbc_asian_network/bbc_asian_network.isml/bbc_asian_network-audio%3d96000.norewind.m3u8
ERROR: Failed to retrieve [BBC - Radio Asian Network] http://as-hls-ww-live.akamaized.net/pool_904/live/ww/bbc_asian_network/bbc_asian_network.isml/bbc_asian_network-audio%3d96000.norewind.m3u8 on line 38

Processing line 39: http://a.files.bbci.co.uk/media/live/manifesto/audio/simulcast/hls/nonuk/sbr_low/ak/bbc_world_service.m3u8
Title: BBC - BBC World Service

Processing line 48: http://sc3.radiocaroline.net:8030/listen.m3u8
Title: Caroline Pirate

Processing line 49: https://s42.myradiostream.com/29400/listen.mp3
Title: Thornbury Radio

Processing line 52: http://icecast.omroep.nl/radio1-bb-mp3
Title: NPO Radio 1

Processing line 53: http://icecast.omroep.nl/radio2-bb-mp3
Title: NPO Radio 2

Processing line 54: http://icecast.omroep.nl/3fm-bb-mp3
Title: NPO Radio 3fm

Processing line 55: http://icecast.omroep.nl/radio4-bb-mp3.m3u
Title: NPO Radio 4

Processing line 56: http://stream.radio10.nl/radio10
Title: Radio 10 NL

Processing line 57: http://player.candlelight.nl/candlelight.pls
Title: Candlelight

Processing line 58: http://av.omroepbrabant.nl/icecast/omroepbrabant/mp3
Title: Omroep Brabant

Processing line 61: http://streams.crooze.fm:8000/listen.pls?sid=1
Title: Crooze FM

Processing line 62: http://icecast.vrtcdn.be/mnm-high.mp3
Title: VRT MNM Vlaanderen

Processing line 63: http://icecast.vrtcdn.be/radio1-high.mp3
Title: VRT Radio 1

Processing line 64: http://icecast.vrtcdn.be/ra2ant-high.mp3
Title: VRT Radio 2

Processing line 67: https://orf-live.ors-shoutcast.at/oe1-q1a
Title: OE 1

Processing line 68: https://orf-live.ors-shoutcast.at/oe3-q1a
Title: Hitradio OE3

Processing line 69: https://orf-live.ors-shoutcast.at/wie-q2a
Title: Radio Wien

Processing line 70: https://orf-live.ors-shoutcast.at/noe-q1a
Title: Radio NOE

Processing line 71: https://orf-live.ors-shoutcast.at/bgl-q2a.m3u
Title: Radio Burgenland

Processing line 72: http://stream1.energy.at:8000/aacplus.m3u
Title: Radio Energy Wien

Processing line 73: https://frontend.streams.arabella.at/arabella-wien?aggregator=arabella-playlistfile
Title: Arabella Wien

Processing line 74: http://frontend.streams.arabella.at/arabella-niederoesterreich/stream/mp3?aggregator=arabella-playlistfile
Title: Arabella NÖ

Processing line 75: https://frontend.streams.arabella.at/arabella-lovesongs/stream/mp3?aggregator=arabella-playlistfile
Title: Arabella Lovesong

Processing line 76: https://frontend.streams.arabella.at/arabella-austropop/stream/mp3?aggregator=arabella-playlistfile
Title: Arabella Austropop

Processing line 77: https://frontend.streams.arabella.at/arabella-holiday/stream/mp3?aggregator=arabella-playlistfile
Title: Arabella Holiday

Processing line 78: https://frontend.streams.arabella.at/arabella-70er?aggregator=arabella-playlistfile
Title: Arabella 70er

Processing line 79: https://frontend.streams.arabella.at/arabella-80er?aggregator=arabella-playlistfile
Title: Arabella 80er

Processing line 80: http://edge09.streamonkey.net/radio886-onair/stream/mp3
Title: Radio 88.6 On Air

Processing line 81: http://edge09.streamonkey.net/radio886-hardrock/stream/mp3
Title: Radio 88.6 Hard Rock

Processing line 82: http://edge09.streamonkey.net/radio886-classicrock/stream/mp3
Title: Radio 88.6 Classik Rock

Processing line 83: http://edge61.streamonkey.net/radio886-newrock/stream/mp3
Title: Radio 88.6New Rock

Processing line 84: http://onair.krone.at/kronehit.mp3
Title: Kronehit 105,8

Processing line 85: https://live.welle1.at:17128/stream
Title: Welle 1 Linz

Processing line 88: http://stream.srg-ssr.ch/m/la-1ere/aacp_96#charset=latin-1
Title: La Première

Processing line 89: http://stream.srg-ssr.ch/m/espace-2/aacp_96#charset=latin-1
Title: Espace 2

Processing line 90: http://stream.srg-ssr.ch/m/couleur3/aacp_96#charset=latin-1
Title: Couleur 3

Processing line 91: http://stream.srg-ssr.ch/m/option-musique/aacp_96#charset=latin-1
Title: Option Musique

Processing line 94: http://stream.srg-ssr.ch/m/drs1/aacp_96
Title: Radio SRF 1

Processing line 95: http://stream.srg-ssr.ch/m/drs2/aacp_96
Title: Radio SRF 2 Kultur

Processing line 96: http://stream.srg-ssr.ch/m/drs3/aacp_96
Title: Radio SRF 3

Processing line 97: http://stream.srg-ssr.ch/m/drs4news/aacp_96
Title: Radio SRF 4 News

Processing line 98: http://stream.srg-ssr.ch/m/drsmw/aacp_96
Title: Radio SRF Musikwelle

Processing line 99: http://stream.srg-ssr.ch/m/drsvirus/aacp_96
Title: Radio SRF Virus

Processing line 102: http://stream.srg-ssr.ch/m/reteuno/aacp_96
Title: Rete Uno

Processing line 103: http://stream.srg-ssr.ch/m/retedue/aacp_96
Title: Rete Due

Processing line 104: http://stream.srg-ssr.ch/m/retetre/aacp_96
Title: Rete Tre

Processing line 107: http://stream.srg-ssr.ch/m/rr/aacp_96
Title: Radio RTR

Processing line 110: http://stream.srg-ssr.ch/m/rsc_fr/aacp_96
Title: Radio Swiss Classic (fr)

Processing line 111: http://stream.srg-ssr.ch/m/rsc_de/aacp_96
Title: Radio Swiss Classic (de)

Processing line 112: http://stream.srg-ssr.ch/m/rsc_it/aacp_96
Title: Radio Swiss Classic (it)

Processing line 113: http://stream.srg-ssr.ch/m/rsj/aacp_96
Title: Radio Swiss Jazz

Processing line 114: http://stream.srg-ssr.ch/m/rsp/aacp_96
Title: Radio Swiss Pop

Processing line 117: http://streams.br.de/bayern3_2.m3u
Title: Bayern 3

Processing line 118: http://www.antenne.de/webradio/channels/top-40.m3u
Title: Antenne Bayern Top 40

Processing line 119: http://www.antenne.de/webradio/channels/das-schlager-karussell.m3u
Title: Antenne Bayern Schlagersahne

Processing line 120: http://www.antenne.de/webradio/channels/lovesongs.m3u
Title: Antenne Bayern Lovesongs

Processing line 121: http://www.antenne.de/webradio/channels/oldies-but-goldies.m3u
Title: Antenne Bayern Oldies but Goldies

Processing line 122: http://mp3channels.webradio.antenne.de/80er-kulthits
Title: Antenne Bayern 80er -Kulthits

Processing line 123: http://mp3channels.webradio.antenne.de/90er-hits
Title: Antenne Bayern 90er -Hits

Processing line 124: https://ppr.mahobi.de/pool-position-radio.mp3
Title: Ballermann Radio Top 100

Processing line 125: http://stream.89.0rtl.de/live/mp3-128/stream.89.0rtl.de/play.m3u
Title: 89.0 RTL

Processing line 126: http://stream.104.6rtl.com/rtl-live/mp3-192/listenlive/play.m3u
Title: 104,6 RTL

Processing line 127: http://www.wdr.de/wdrlive/media/einslive.m3u
Title: WDR Live1

Processing line 130: http://server-10.stream-server.nl:8300/listen.pls
Title: Nashville FM

Processing line 131: http://www.countryradio.ch/assets/files/listen.pls
ERROR: Failed to retrieve [Swiss country] http://www.countryradio.ch/assets/files/listen.pls on line 131
....HTTP Error 404: Not Found

Processing line 134: http://icyrelay.181.fm/181-classicaljazz_128k.mp3
Title: 181.FM Classical Jazz

Processing line 135: http://51.255.235.165:5068/stream
Title: Jazz Lounge

Processing line 136: http://icyrelay.181.fm/181-classicaljazz_128k.mp3
Title: 181.FM Classical Jazz

Processing line 137: http://icyrelay.181.fm/181-acidjazz_128k.mp3
Title: 181.FM Acid Jazz

Processing line 138: http://icyrelay.181.fm/181-bebop_128k.mp3
Title: 181.fm - BeBop Jazz 

Processing line 139: http://icyrelay.181.fm/181-fusionjazz_128k.mp3
Title: 181.fm - Fusion Jazz

Processing line 142: http://direct.franceinter.fr/live/franceinter-midfi.mp3
Title: Radio France

Processing line 145: http://streams.80s80s.de/web/mp3-192/streams.80s80s.de
Title: 80's Radio

Processing line 146: http://live.radio.si/Radio1
Title: Radio Ena

Processing line 149: http://radio.jointil.net:9992
Title: Joint Radio Blues

Processing line 150: http://wumb.streamguys1.com/wumb919st
Title: wumb919st

Processing line 153: http://uplink.duplexfx.com:8062
Title: 181.FM - The Beatles Channel

Processing line 154: http://relay.181.fm:8008
Title: 181.FM Rock 181

Processing line 155: http://airspectrum.cdnstream1.com:8116/1649_192.m3u
Title: Easy hits Florida HD

Processing line 158: http://lyd.nrk.no/nrk_radio_p1_ostlandssendingen_mp3_h.m3u
Title: NRK1 Oslo

Processing line 159: http://stream.radionova.no/fm993.mp3.m3u
Title: Radio Nova Oslo

Processing line 160: https://streams.radio.co/sf069f3c03/listen
Title: Ariel Radio

Processing line 163: http://ice6.securenetsystems.net/STEELFM.m3u
Title: Steel FM

Processing line 166: http://46.10.150.123:80/classic-fm.mp3
ERROR: Failed to retrieve [Classic FM] http://46.10.150.123:80/classic-fm.mp3 on line 166

Processing line 167: http://icecast.thisisdax.com/ClassicFMMP3.m3u
Title: Classic FM

Processing line 168: http://stream.srg-ssr.ch/m/rsc_de/mp3_128
Title: Radio Swiss Classic

Processing line 169: http://http-live.sr.se/p2musik-mp3-192
Title: P2 Musik

Processing line 170: http://tuner.classical102.com:80/
Title: Classical 102

Processing line 171: http://stream.srg-ssr.ch/rsc_it/mp3_128.m3u
Title: Radio Svizzera Classica

Processing line 172: http://rondo.iradio.fi:8000/viva-hi.mp3
ERROR: Failed to retrieve [Viva Classica!] http://rondo.iradio.fi:8000/viva-hi.mp3 on line 172

Processing line 175: http://sc-disco.1.fm:8100
ERROR: Failed to retrieve [1.FM - Disco Ball 70's-80's Radio] http://sc-disco.1.fm:8100 on line 175

Processing line 178: http://live.streamhosting.ch:80
Title: Lounge-radio.com-Swiss made

Processing line 179: http://listen.181fm.com:8700
Title: 181.FM Chilled Out

Processing line 182: http://relay.181.fm:8098
Title: 181.FM Salsa

Processing line 185: http://ais-nzme.streamguys1.com/nz_008_aac
ERROR: Failed to retrieve [ZM Todays Hit Music] http://ais-nzme.streamguys1.com/nz_008_aac on line 185

Processing line 186: http://ais-nzme.streamguys1.com/nz_006_aac
ERROR: Failed to retrieve [The Hits Chch] http://ais-nzme.streamguys1.com/nz_006_aac on line 186

Processing line 187: http://ais-nzme.streamguys1.com/nz_009_aac
ERROR: Failed to retrieve [Radio Hauraki] http://ais-nzme.streamguys1.com/nz_009_aac on line 187

Processing line 190: http://listen.livestreamingservice.com:8032
Title: 181.fm The Mix

Processing line 191: http://listen.livestreamingservice.com:8000
Title: 181.fm Awesome 80's

Processing line 192: http://listen.181fm.com:8700
Title: 181.fm Chilled Out

Processing line 193: http://listen.livestreamingservice.com:8140
Title: 181.fm 90's Dance

Processing line 194: http://wfmu.org/wfmu.pls
Title: WFMU live stream

Processing line 195: http://wfmu.org/wfmu_ubu.pls
Title: UBUradio

Processing line 198: http://wm.1.fm/reggae/128.m3u
Title: 1.FM - ReggaeTrade Radio

Processing line 199: http://listen.181fm.com:8096
Title: 181.FM Reggae Roots

Processing line 200: http://192.99.41.102:5304/stream
Title: Jah Music Mansion

Processing line 203: http://live.streamhosting.ch:80
Title: Lounge-radio.com-Swiss made

Processing line 204: http://uk5.internet-radio.com:8347/stream
Title: Ambiesphere

Processing line 205: http://media-ice.musicradio.com/ChillMP3.m3u
Title: Chill

Processing line 208: http://195.91.237.50:8000/ices128
Title: Старое радио

Processing line 209: http://nashe.streamr.ru:80/nashe-128.mp3
Title: Russian nashe

Processing line 210: http://radiorecord.hostingradio.ru/mdl96.aacp
Title: Радио Рекорд

Processing line 211: http://online.nasheradio.ua/NasheRadio_HD
Title: Наше радіо

Processing line 212: http://icecast.vgtrk.cdnvideo.ru:80/rrzonam_mp3_192kbps?36a9
Title: Радио России

Processing line 216: http://live-radio01.mediahubaustralia.com/2FMW/mp3/
Title: ABC classic

Processing line 217: http://live-radio01.mediahubaustralia.com/7LRW/mp3/
Title: Hobart local radio

Processing line 220: http://stream.rcs.revma.com:80/cvswvmyewzzuv
Title: Disco radio

Writing /tmp/radio_stream_files/Radio.m3u

Processed 128 station URLs from /var/lib/radiod/stationlist

Copying 1 new playlist file(s) to directory /var/lib/mpd/playlists/
Radio.m3u copied

New radio playlist file will be found in /var/lib/mpd/playlists/
9 error(s)
	Failed to retrieve [BBC - Radio 5 Live sports extra (UK only)] http://as-hls-uk-live.akamaized.net/pool_904/live/uk/bbc_radio_five_live_sports_extra/bbc_radio_five_live_sports_extra.isml/bbc_radio_five_live_sports_extra-audio%3d96000.norewind.m3u8 on line 36
	Failed to retrieve [BBC - Radio Asian Network] http://as-hls-ww-live.akamaized.net/pool_904/live/ww/bbc_asian_network/bbc_asian_network.isml/bbc_asian_network-audio%3d96000.norewind.m3u8 on line 38
	Failed to retrieve [Swiss country] http://www.countryradio.ch/assets/files/listen.pls on line 131
	Failed to retrieve [Classic FM] http://46.10.150.123:80/classic-fm.mp3 on line 166
	Failed to retrieve [Viva Classica!] http://rondo.iradio.fi:8000/viva-hi.mp3 on line 172
	Failed to retrieve [1.FM - Disco Ball 70's-80's Radio] http://sc-disco.1.fm:8100 on line 175
	Failed to retrieve [ZM Todays Hit Music] http://ais-nzme.streamguys1.com/nz_008_aac on line 185
	Failed to retrieve [The Hits Chch] http://ais-nzme.streamguys1.com/nz_006_aac on line 186
	Failed to retrieve [Radio Hauraki] http://ais-nzme.streamguys1.com/nz_009_aac on line 187
