Creating M3U files from /var/lib/radiod/stationlist 2025/01/14, 20:26:26

Creating new playlist FIP radios
================================

Processing line 28: http://direct.fipradio.fr/live/fip-hifi.aac
Title: FIP

Processing line 29: http://direct.fipradio.fr/live/fipelectro-hifi.aac
Title: FIP Electro

Processing line 30: http://direct.fipradio.fr/live/fipgroove-hifi.aac
Title: FIP Groove

Processing line 31: http://direct.fipradio.fr/live/fiphiphop-hifi.aac
Title: FIP Hip-Hop

Processing line 32: http://direct.fipradio.fr/live/fipjazz-hifi.aac
Title: FIP Jazz

Processing line 33: http://direct.fipradio.fr/live/fipmetal-hifi.aac
Title: FIP Metal

Processing line 34: http://direct.fipradio.fr/live/fipworld-hifi.aac
Title: FIP Monde

Processing line 35: http://direct.fipradio.fr/live/fipnouveautes-hifi.aac
Title: FIP Nouveautés

Processing line 36: http://direct.fipradio.fr/live/fippop-hifi.aac
Title: FIP Pop

Processing line 37: http://direct.fipradio.fr/live/fipreggae-hifi.aac
Title: FIP Reggae

Processing line 38: http://direct.fipradio.fr/live/fiprock-hifi.aac
Title: FIP Rock

Processing line 39: http://direct.fipradio.fr/live/fipsacrefrancais-hifi.aac
Title: FIP Sacré Français !

Writing /tmp/radio_stream_files/FIP_radios.m3u

Processed 12 station URLs from /var/lib/radiod/stationlist
Old playlist files not removed

Copying 1 new playlist file(s) to directory /var/lib/mpd/playlists/
FIP_radios.m3u copied

New radio playlist file will be found in /var/lib/mpd/playlists/
No errors found
